============================== 脚本正在运行...2018-06-15 19:28:25.781590
正在迁移 Jupyter Notebook 文件夹，并进行文件转换
Find ipynb file  ./source\coursera_learn_models Untitled.ipynb  == Convert Suscessful
Find ipynb file  ./source\coursera_learn_models WEEK2_model_thinking.ipynb  == Convert Suscessful
Find ipynb file  ./source\coursera_learn_models Week3_Model_Thinking.ipynb  == Convert Suscessful
Find ipynb file  ./source\coursera_learn_models week4_tipping_point.ipynb  == Convert Suscessful
Find ipynb file  ./source\coursera_learn_models week5_problem_soving.ipynb  == Convert Suscessful
转换失败!
Find ipynb file  ./source\coursera_learn_perception Week_4_Seeing_Motion.ipynb  == Convert Suscessful
Find ipynb file  ./source\coursera_learn_perception Week_5_SumUp.ipynb  == Convert Suscessful
Find ipynb file  ./source\learn_c chapter_3_data_and_c.ipynb  == Convert Suscessful
Find ipynb file  ./source\learn_c chapter_4_string_and_scanf.ipynb  == Convert Suscessful
Find ipynb file  ./source\learn_c chapter_5_operator.ipynb  == Convert Suscessful
Find ipynb file  ./source\learn_c learn_c_1.ipynb  == Convert Suscessful
Find ipynb file  ./source\learn_django django_deployed.ipynb  == Convert Suscessful
Find ipynb file  ./source\learn_django learn_django_1.ipynb  == Convert Suscessful
Find ipynb file  ./source\learn_machine_learning applied_machine_learning.ipynb  == Convert Suscessful
Find ipynb file  ./source\learn_machine_learning applied_machine_learning_coursera.ipynb  == Convert Suscessful
Find ipynb file  ./source\learn_machine_learning chapter7_clustering.ipynb  == Convert Suscessful
Find ipynb file  ./source\learn_machine_learning chapter8.ipynb  == Convert Suscessful
Find ipynb file  ./source\learn_mysql mysql_basic.ipynb  == Convert Suscessful
Convert all done!
正在构建HTML文档...
Traceback (most recent call last):
  File "c:\Users\Administrator\Desktop\muninn\muninn_server.py", line 9, in <module>
    main(update_data=True,file_path="last.data")
NameError: name 'main' is not defined
============================== 脚本正在运行...2018-06-15 19:29:49.975213
正在迁移 Jupyter Notebook 文件夹，并进行文件转换
Find ipynb file  ./source\coursera_learn_models Untitled.ipynb  == Convert Suscessful
Find ipynb file  ./source\coursera_learn_models WEEK2_model_thinking.ipynb  == Convert Suscessful
Find ipynb file  ./source\coursera_learn_models Week3_Model_Thinking.ipynb  == Convert Suscessful
Find ipynb file  ./source\coursera_learn_models week4_tipping_point.ipynb  == Convert Suscessful
Find ipynb file  ./source\coursera_learn_models week5_problem_soving.ipynb  == Convert Suscessful
转换失败!
Find ipynb file  ./source\coursera_learn_perception Week_4_Seeing_Motion.ipynb  == Convert Suscessful
Find ipynb file  ./source\coursera_learn_perception Week_5_SumUp.ipynb  == Convert Suscessful
Find ipynb file  ./source\learn_c chapter_3_data_and_c.ipynb  == Convert Suscessful
Find ipynb file  ./source\learn_c chapter_4_string_and_scanf.ipynb  == Convert Suscessful
Find ipynb file  ./source\learn_c chapter_5_operator.ipynb  == Convert Suscessful
Find ipynb file  ./source\learn_c learn_c_1.ipynb  == Convert Suscessful
Find ipynb file  ./source\learn_django django_deployed.ipynb  == Convert Suscessful
Find ipynb file  ./source\learn_django learn_django_1.ipynb  == Convert Suscessful
Find ipynb file  ./source\learn_machine_learning applied_machine_learning.ipynb  == Convert Suscessful
Find ipynb file  ./source\learn_machine_learning applied_machine_learning_coursera.ipynb  == Convert Suscessful
Find ipynb file  ./source\learn_machine_learning chapter7_clustering.ipynb  == Convert Suscessful
Find ipynb file  ./source\learn_machine_learning chapter8.ipynb  == Convert Suscessful
Find ipynb file  ./source\learn_mysql mysql_basic.ipynb  == Convert Suscessful
Convert all done!
正在构建HTML文档...
==================== 开始处理数据 ====================
正在构建项目
==========
正在进行章节的信息获取，此过程可能需要较长的时间...
没有找到HTML文件
没有找到HTML文件
没有找到HTML文件
==========
正在进行章节的信息获取，此过程可能需要较长的时间...
Model Thinking::[O] Aggragation(S) & Decision(P) 正在解析HTML文档
		获取标题信息中，请稍后...
		获取描述性信息中，请稍后...
		获取相关笔记信息中，请稍后...
		检测到源文件的名称和标题，正在获取并配置，请稍后...
Model Thinking::[I] How People Think & Modeling Data 正在解析HTML文档
		获取标题信息中，请稍后...
		获取描述性信息中，请稍后...
		获取相关笔记信息中，请稍后...
		检测到源文件的名称和标题，正在获取并配置，请稍后...
Model Thinking::[F] Tipping Point & Growth Model 正在解析HTML文档
		获取标题信息中，请稍后...
		获取描述性信息中，请稍后...
		获取相关笔记信息中，请稍后...
		检测到源文件的名称和标题，正在获取并配置，请稍后...
Model Thinking::[F] Perspectives & Marklv Processing 正在解析HTML文档
		获取标题信息中，请稍后...
		获取描述性信息中，请稍后...
		获取相关笔记信息中，请稍后...
		检测到源文件的名称和标题，正在获取并配置，请稍后...
==========
正在进行章节的信息获取，此过程可能需要较长的时间...
Computer Science::可计算思想和计算机概论::可计算思想和计算机概论 正在解析HTML文档
		获取标题信息中，请稍后...
		获取描述性信息中，请稍后...
		获取相关笔记信息中，请稍后...
		检测到源文件的名称和标题，正在获取并配置，请稍后...
==========
正在进行章节的信息获取，此过程可能需要较长的时间...
Computer Science::C Primer Plus::数据和C 正在解析HTML文档
		获取标题信息中，请稍后...
		获取描述性信息中，请稍后...
		获取相关笔记信息中，请稍后...
		检测到源文件的名称和标题，正在获取并配置，请稍后...
Computer Science::C Primer Plus::字符串、格式化输入输出 正在解析HTML文档
		获取标题信息中，请稍后...
		获取描述性信息中，请稍后...
		获取相关笔记信息中，请稍后...
		检测到源文件的名称和标题，正在获取并配置，请稍后...
Computer Science::C Primer Plus::操作符、表达式和语句 正在解析HTML文档
		获取标题信息中，请稍后...
		获取描述性信息中，请稍后...
		获取相关笔记信息中，请稍后...
		检测到源文件的名称和标题，正在获取并配置，请稍后...
==========
正在进行章节的信息获取，此过程可能需要较长的时间...
==========
正在进行章节的信息获取，此过程可能需要较长的时间...
没有找到HTML文件
Neuro Science::Visual Percipience::运动、方向、速度感知 正在解析HTML文档
		获取标题信息中，请稍后...
		获取描述性信息中，请稍后...
		获取相关笔记信息中，请稍后...
		检测到源文件的名称和标题，正在获取并配置，请稍后...
Neuro Science::Visual Percipience::一个整合视觉错觉的统一理论 正在解析HTML文档
		获取标题信息中，请稍后...
		获取描述性信息中，请稍后...
		获取相关笔记信息中，请稍后...
		检测到源文件的名称和标题，正在获取并配置，请稍后...
==========
正在进行章节的信息获取，此过程可能需要较长的时间...
Machine Learning::Andrew Ng ML::K-Means & PCA 正在解析HTML文档
		获取标题信息中，请稍后...
		获取描述性信息中，请稍后...
		获取相关笔记信息中，请稍后...
		检测到源文件的名称和标题，正在获取并配置，请稍后...
Machine Learning::Andrew Ng ML::异常检测 & 推荐系统 正在解析HTML文档
		获取标题信息中，请稍后...
		获取描述性信息中，请稍后...
		获取相关笔记信息中，请稍后...
		检测到源文件的名称和标题，正在获取并配置，请稍后...
==========
正在进行章节的信息获取，此过程可能需要较长的时间...
没有找到HTML文件
没有找到HTML文件
没有找到HTML文件
没有找到HTML文件
项目构建完毕，并且存放在:last.data
	生成HTML::课程总览 Probability
		生成HTML::章节信息 Probability::概率导论
		生成HTML::章节信息 Probability::独立概率和古典概率
		生成HTML::章节信息 Probability::离散分布模型
	生成HTML::课程总览 Model Thinking
		生成HTML::章节信息 Model Thinking::WEEK2 聚合和决策
		生成HTML::章节信息 Model Thinking::[I] How People Think & Modeling Data
		生成HTML::章节信息 Model Thinking::[F] Tipping Point & Growth Model
		生成HTML::章节信息 Model Thinking::视角、观点整合以及马尔科夫平衡
	生成HTML::课程总览 Computer Science::可计算思想和计算机概论
		生成HTML::章节信息 Computer Science::可计算思想和计算机概论::可计算思想和计算机概论
	生成HTML::课程总览 Computer Science::C Primer Plus
		生成HTML::章节信息 Computer Science::C Primer Plus::数据和C
		生成HTML::章节信息 Computer Science::C Primer Plus::字符串、格式化输入输出
		生成HTML::章节信息 Computer Science::C Primer Plus::操作符、表达式和语句
	生成HTML::课程总览 Computer Science::C++ Primer
	生成HTML::课程总览 Neuro Science::Visual Percipience
		生成HTML::章节信息 Neuro Science::Visual Percipience::角度、长度、大小、距离、深度感知
		生成HTML::章节信息 Neuro Science::Visual Percipience::运动、方向、速度感知
		生成HTML::章节信息 Neuro Science::Visual Percipience::一个整合视觉错觉的统一理论
	生成HTML::课程总览 Machine Learning::Andrew Ng ML
		生成HTML::章节信息 Machine Learning::Andrew Ng ML::K-Means & PCA
		生成HTML::章节信息 Machine Learning::Andrew Ng ML::异常检测 & 推荐系统
	生成HTML::课程总览 Machine Learning::UW GraphLab
		生成HTML::章节信息 Machine Learning::UW GraphLab::使用回归预测房价
		生成HTML::章节信息 Machine Learning::UW GraphLab::使用分类预测商品评分
		生成HTML::章节信息 Machine Learning::UW GraphLab::使用聚类评估多人关系(KNN)
		生成HTML::章节信息 Machine Learning::UW GraphLab::使用因式分解推荐歌曲
==================== FINISHED ====================
正在上传至Github服务器
正在检查状态信息

b'On branch master\nYour branch is up-to-date with \'origin/master\'.\nChanges not staged for commit:\n  (use "git add/rm <file>..." to update what will be committed)\n  (use "git checkout -- <file>..." to discard changes in working directory)\n\n\tmodified:   Computer_Science/C++_Primer_overview.html\n\tmodified:   Computer_Science/C_Primer_Plus_ch_da.html\n\tmodified:   Computer_Science/C_Primer_Plus_ch_op.html\n\tmodified:   Computer_Science/C_Primer_Plus_ch_ss.html\n\tmodified:   Computer_Science/C_Primer_Plus_overview.html\n\tmodified:   "Computer_Science/\\345\\217\\257\\350\\256\\241\\347\\256\\227\\346\\200\\235\\346\\203\\263\\345\\222\\214\\350\\256\\241\\347\\256\\227\\346\\234\\272\\346\\246\\202\\350\\256\\272_ch_lc.html"\n\tmodified:   "Computer_Science/\\345\\217\\257\\350\\256\\241\\347\\256\\227\\346\\200\\235\\346\\203\\263\\345\\222\\214\\350\\256\\241\\347\\256\\227\\346\\234\\272\\346\\246\\202\\350\\256\\272_overview.html"\n\tmodified:   Machine_Learning/Andrew_Ng_ML_ch_ca.html\n\tmodified:   Machine_Learning/Andrew_Ng_ML_ch_cl.html\n\tmodified:   Machine_Learning/Andrew_Ng_ML_overview.html\n\tmodified:   Machine_Learning/UW_GraphLab_ch_kn.html\n\tmodified:   Machine_Learning/UW_GraphLab_ch_lo.html\n\tmodified:   Machine_Learning/UW_GraphLab_ch_re.html\n\tmodified:   Machine_Learning/UW_GraphLab_ch_sr.html\n\tmodified:   Machine_Learning/UW_GraphLab_overview.html\n\tmodified:   Model_Thinking/Model_Thinking_ch_ad.html\n\tmodified:   Model_Thinking/Model_Thinking_ch_pd.html\n\tmodified:   Model_Thinking/Model_Thinking_ch_pm.html\n\tmodified:   Model_Thinking/Model_Thinking_ch_tg.html\n\tmodified:   Model_Thinking/Model_Thinking_overview.html\n\tmodified:   Neuro_Science/Visual_Percipience_ch_sm.html\n\tmodified:   Neuro_Science/Visual_Percipience_ch_sp.html\n\tmodified:   Neuro_Science/Visual_Percipience_ch_su.html\n\tmodified:   Neuro_Science/Visual_Percipience_overview.html\n\tmodified:   Probability/Probability_ch_w12.html\n\tmodified:   Probability/Probability_ch_w3.html\n\tmodified:   Probability/Probability_ch_w4.html\n\tmodified:   Probability/Probability_overview.html\n\tmodified:   convert.py\n\tdeleted:    detail.html\n\tmodified:   fatch_data.py\n\tmodified:   index.html\n\nUntracked files:\n  (use "git add <file>..." to include in what will be committed)\n\n\t__pycache__/convert.cpython-36.pyc\n\t__pycache__/fatch_data.cpython-36.pyc\n\tlast.data\n\tmuninn_server.log\n\tmuninn_server.py\n\ttmp/\n\nno changes added to commit (use "git add" and/or "git commit -a")\n'
正在添加到本地缓冲区

b''
提交本地仓库中...

b'[master 9b6d057] last\n 37 files changed, 215 insertions(+), 176 deletions(-)\n create mode 100644 __pycache__/convert.cpython-36.pyc\n create mode 100644 __pycache__/fatch_data.cpython-36.pyc\n create mode 100644 last.data\n create mode 100644 muninn_server.log\n create mode 100644 muninn_server.py\n rename detail.html => tmp/detail.html (100%)\n'
正在上传到服务器

b''
成功！
